<?xml version="1.0" encoding="UTF-8"?>
<testsuite name="com.acme.temperature.average.AverageBySensorTests" tests="1" skipped="0" failures="0" errors="0" timestamp="2015-09-14T12:09:36" hostname="feynman" time="1.952">
  <properties/>
  <testcase name="testAverageCalculation" classname="com.acme.temperature.average.AverageBySensorTests" time="1.952"/>
  <system-out><![CDATA[]]></system-out>
  <system-err><![CDATA[]]></system-err>
</testsuite>
